<?xml version="1.0" encoding="UTF-8"?>
<testsuite xmlns:xsi="http://www.w3.org/2001/XMLSchema-instance" xsi:noNamespaceSchemaLocation="https://maven.apache.org/surefire/maven-surefire-plugin/xsd/surefire-test-report-3.0.xsd" version="3.0" name="edu.neu.khoury.cs6510.f24.lynnhud.TreeNodeTest" time="0.077" tests="12" errors="0" skipped="0" failures="0">
  <properties>
[...]
</properties>
  <testcase name="testHashCodeEqualNodes" classname="edu.neu.khoury.cs6510.f24.lynnhud.TreeNodeTest" time="0.029"/>
  <testcase name="testToString" classname="edu.neu.khoury.cs6510.f24.lynnhud.TreeNodeTest" time="0.008"/>
  <testcase name="equalsNullLeftRightChildren" classname="edu.neu.khoury.cs6510.f24.lynnhud.TreeNodeTest" time="0.002"/>
  <testcase name="equalsDifferentValues" classname="edu.neu.khoury.cs6510.f24.lynnhud.TreeNodeTest" time="0.001"/>
  <testcase name="equalsDifferentRightChild" classname="edu.neu.khoury.cs6510.f24.lynnhud.TreeNodeTest" time="0.001"/>
  <testcase name="testHashCodeDifferentNodes" classname="edu.neu.khoury.cs6510.f24.lynnhud.TreeNodeTest" time="0.002"/>
  <testcase name="equalsDifferentClass" classname="edu.neu.khoury.cs6510.f24.lynnhud.TreeNodeTest" time="0.001"/>
  <testcase name="testConstructorWithValue" classname="edu.neu.khoury.cs6510.f24.lynnhud.TreeNodeTest" time="0.002"/>
  <testcase name="testConstructorWithValueLeftRight" classname="edu.neu.khoury.cs6510.f24.lynnhud.TreeNodeTest" time="0.0"/>
  <testcase name="equalsDifferentLeftChild" classname="edu.neu.khoury.cs6510.f24.lynnhud.TreeNodeTest" time="0.001"/>
  <testcase name="equalsSameObject" classname="edu.neu.khoury.cs6510.f24.lynnhud.TreeNodeTest" time="0.001"/>
  <testcase name="equalsSameValues" classname="edu.neu.khoury.cs6510.f24.lynnhud.TreeNodeTest" time="0.001"/>
</testsuite>